2021-09-05 19:08:25 INFO  Log:10 - Open Login Page
2021-09-05 19:08:33 INFO  Log:10 - The login page ws opened successfully!
2021-09-05 19:08:33 INFO  Log:10 - Login the site
2021-09-05 19:08:34 INFO  Log:10 - The user login succesfully.
2021-09-05 19:08:34 INFO  Log:10 - Log out the system
2021-09-05 19:08:38 INFO  Log:10 - Open Login Page
2021-09-05 19:08:39 INFO  Log:10 - The login page ws opened successfully!
2021-09-05 19:08:39 INFO  Log:10 - Login the site
2021-09-05 19:08:39 INFO  Log:10 - The user login succesfully.
2021-09-05 19:08:39 INFO  Log:10 - Log out the system
2021-09-05 19:08:44 INFO  Log:10 - Open Login Page
2021-09-05 19:08:44 INFO  Log:10 - The login page ws opened successfully!
2021-09-05 19:08:44 INFO  Log:10 - Login the site
2021-09-05 19:08:44 INFO  Log:10 - The user login succesfully.
2021-09-05 19:08:44 INFO  Log:10 - Log out the system
2021-09-05 19:08:49 INFO  Log:10 - Open Login Page
2021-09-05 19:08:49 INFO  Log:10 - The login page ws opened successfully!
2021-09-05 19:08:49 INFO  Log:10 - Login the site
2021-09-05 19:08:49 INFO  Log:10 - The user login succesfully.
2021-09-05 19:08:49 INFO  Log:10 - Log out the system
2021-09-05 19:10:55 INFO  Log:10 - Open Login Page
2021-09-05 19:11:02 INFO  Log:10 - The login page ws opened successfully!
2021-09-05 19:11:02 INFO  Log:10 - Login the site
2021-09-05 19:11:03 INFO  Log:10 - The user login succesfully.
2021-09-05 19:11:03 INFO  Log:10 - Log out the system
2021-09-05 19:13:52 ERROR Log:31 - No webdriver is bound to current thread: 1. You need to call open(url) first.
2021-09-05 19:13:52 INFO  Log:10 - User creation is started
2021-09-05 19:13:52 ERROR Log:26 - User wasn't created! ERROR: 
2021-09-05 19:13:52 INFO  Log:10 - Log out the system
2021-09-05 19:13:52 ERROR Log:26 - User doesn't logout the system. ERROR:
2021-09-05 19:13:53 ERROR Log:31 - No webdriver is bound to current thread: 1. You need to call open(url) first.
2021-09-05 19:13:53 INFO  Log:10 - Searching for user with the name Bob Dylan
2021-09-05 19:13:53 ERROR Log:26 - The user with the name Bob Dylan wasn't found. ERROR:
2021-09-05 19:13:53 INFO  Log:10 - Log out the system
2021-09-05 19:13:53 ERROR Log:26 - User doesn't logout the system. ERROR:
2021-09-05 19:13:53 ERROR Log:31 - No webdriver is bound to current thread: 1. You need to call open(url) first.
2021-09-05 19:13:53 INFO  Log:10 - Go to the Job Tab
2021-09-05 19:13:53 ERROR Log:26 - You can't go to the Job Tab. ERROR: 
2021-09-05 19:13:53 INFO  Log:10 - Log out the system
2021-09-05 19:13:53 ERROR Log:26 - User doesn't logout the system. ERROR:
2021-09-05 19:13:53 ERROR Log:31 - No webdriver is bound to current thread: 1. You need to call open(url) first.
2021-09-05 19:13:53 INFO  Log:10 - Go to the Job Tab
2021-09-05 19:13:53 ERROR Log:26 - You can't go to the Job Tab. ERROR: 
2021-09-05 19:13:53 INFO  Log:10 - Log out the system
2021-09-05 19:13:53 ERROR Log:26 - User doesn't logout the system. ERROR:
2021-09-05 19:13:53 INFO  Log:10 - Log out the system
2021-09-05 19:13:53 ERROR Log:26 - User doesn't logout the system. ERROR:
2021-09-05 19:13:53 INFO  Log:10 - Go to the Leave Tab
2021-09-05 19:13:53 INFO  Log:10 - Log out the system
2021-09-05 19:13:53 ERROR Log:26 - User doesn't logout the system. ERROR:
2021-09-05 19:13:53 INFO  Log:10 - Check if the Quick Launch Panel exists.
2021-09-05 19:13:53 ERROR Log:26 - Quick Launch Panel doesn't exist. ERROR:
2021-09-05 19:13:53 INFO  Log:10 - Log out the system
2021-09-05 19:13:53 ERROR Log:26 - User doesn't logout the system. ERROR:
2021-09-05 19:13:53 INFO  Log:10 - Check if the Quick Launch Panel exists.
2021-09-05 19:13:53 ERROR Log:26 - Quick Launch Panel doesn't exist. ERROR:
2021-09-05 19:13:53 INFO  Log:10 - Log out the system
2021-09-05 19:13:53 ERROR Log:26 - User doesn't logout the system. ERROR:
2021-09-05 19:13:53 INFO  Log:10 - Log out the system
2021-09-05 19:13:53 ERROR Log:26 - User doesn't logout the system. ERROR:
2021-09-05 19:13:53 INFO  Log:10 - Open Login Page
2021-09-05 19:14:01 INFO  Log:10 - The login page ws opened successfully!
2021-09-05 19:14:01 INFO  Log:10 - Login the site
2021-09-05 19:14:05 INFO  Log:10 - The user login succesfully.
2021-09-05 19:14:05 INFO  Log:10 - Log out the system
2021-09-05 19:14:06 INFO  Log:10 - User log out successfully.
2021-09-05 19:14:33 INFO  Log:10 - Open Login Page
2021-09-05 19:14:40 INFO  Log:10 - The login page ws opened successfully!
2021-09-05 19:14:40 INFO  Log:10 - Login the site
2021-09-05 19:14:44 INFO  Log:10 - The user login succesfully.
2021-09-05 19:14:45 INFO  Log:10 - Go to the Admin Tab.
2021-09-05 19:14:45 INFO  Log:10 - User creation is started
2021-09-05 19:14:47 INFO  Log:10 - User was successfully created!
2021-09-05 19:14:48 INFO  Log:10 - Go to the Admin Tab.
2021-09-05 19:14:48 INFO  Log:10 - Searching for user with the name Bob Dylan
2021-09-05 19:14:49 INFO  Log:10 - The user with name Bob Dylanwas found.
2021-09-05 19:14:49 INFO  Log:10 - Verify if the created user with nameBob Dylanexists.
2021-09-05 19:14:53 INFO  Log:10 - Log out the system
2021-09-05 19:14:54 INFO  Log:10 - User log out successfully.
2021-09-05 19:14:55 INFO  Log:10 - Open Login Page
2021-09-05 19:14:55 INFO  Log:10 - The login page ws opened successfully!
2021-09-05 19:14:55 INFO  Log:10 - Login the site
2021-09-05 19:14:57 INFO  Log:10 - The user login succesfully.
2021-09-05 19:14:57 INFO  Log:10 - Go to the Admin Tab.
2021-09-05 19:14:57 INFO  Log:10 - Searching for user with the name Bob Dylan
2021-09-05 19:14:58 INFO  Log:10 - The user with name Bob Dylanwas found.
2021-09-05 19:14:58 INFO  Log:10 - Deleting user with the name Bob Dylan
2021-09-05 19:15:03 INFO  Log:10 - Log out the system
2021-09-05 19:15:04 INFO  Log:10 - User log out successfully.
2021-09-05 19:15:04 INFO  Log:10 - Open Login Page
2021-09-05 19:15:04 INFO  Log:10 - The login page ws opened successfully!
2021-09-05 19:15:04 INFO  Log:10 - Login the site
2021-09-05 19:15:06 INFO  Log:10 - The user login succesfully.
2021-09-05 19:15:06 INFO  Log:10 - Go to the Admin Tab.
2021-09-05 19:15:06 INFO  Log:10 - Go to the Job Tab
2021-09-05 19:15:07 INFO  Log:10 - You are on the Job Tab.
2021-09-05 19:15:07 INFO  Log:10 - Add job Title 'QA'.
2021-09-05 19:15:09 INFO  Log:10 - Job title 'QA' was created successfully.
2021-09-05 19:15:09 INFO  Log:10 - Add job Title 'Java-developer'.
2021-09-05 19:15:11 INFO  Log:10 - Job title 'Java-developer' was created successfully.
2021-09-05 19:15:11 INFO  Log:10 - Add job Title 'Manager'.
2021-09-05 19:15:13 INFO  Log:10 - Job title 'Manager' was created successfully.
2021-09-05 19:15:13 INFO  Log:10 - Log out the system
2021-09-05 19:15:14 INFO  Log:10 - User log out successfully.
2021-09-05 19:15:14 INFO  Log:10 - Open Login Page
2021-09-05 19:15:15 INFO  Log:10 - The login page ws opened successfully!
2021-09-05 19:15:15 INFO  Log:10 - Login the site
2021-09-05 19:15:16 INFO  Log:10 - The user login succesfully.
2021-09-05 19:15:17 INFO  Log:10 - Go to the Admin Tab.
2021-09-05 19:15:17 INFO  Log:10 - Go to the Job Tab
2021-09-05 19:15:17 INFO  Log:10 - You are on the Job Tab.
2021-09-05 19:15:17 INFO  Log:10 - Select job with title 'QA'.
2021-09-05 19:15:17 INFO  Log:10 - The job with the title 'QA' was selected.
2021-09-05 19:15:17 INFO  Log:10 - Select job with title 'Java-developer'.
2021-09-05 19:15:18 INFO  Log:10 - The job with the title 'Java-developer' was selected.
2021-09-05 19:15:18 INFO  Log:10 - Select job with title 'Manager'.
2021-09-05 19:15:18 INFO  Log:10 - The job with the title 'Manager' was selected.
2021-09-05 19:15:18 INFO  Log:10 - Delete selected job title.
2021-09-05 19:15:19 INFO  Log:10 - Selected job titles were deleted.
2021-09-05 19:15:19 INFO  Log:10 - Log out the system
2021-09-05 19:15:20 INFO  Log:10 - User log out successfully.
2021-09-05 19:15:20 INFO  Log:10 - Open Login Page
2021-09-05 19:15:20 INFO  Log:10 - The login page ws opened successfully!
2021-09-05 19:15:20 INFO  Log:10 - Login the site
2021-09-05 19:15:22 INFO  Log:10 - The user login succesfully.
2021-09-05 19:15:23 INFO  Log:10 - Add candidate via Recruitments Tab
2021-09-05 19:15:26 INFO  Log:10 - The candidate was added successfully!
2021-09-05 19:15:26 INFO  Log:10 - Log out the system
2021-09-05 19:15:28 INFO  Log:10 - User log out successfully.
2021-09-05 19:15:28 INFO  Log:10 - Open Login Page
2021-09-05 19:15:28 INFO  Log:10 - The login page ws opened successfully!
2021-09-05 19:15:28 INFO  Log:10 - Login the site
2021-09-05 19:15:29 INFO  Log:10 - The user login succesfully.
2021-09-05 19:15:29 INFO  Log:10 - Go to the Leave Tab
2021-09-05 19:15:31 INFO  Log:10 - Go to the Assign Leave form
2021-09-05 19:15:31 INFO  Log:10 - Assign leave for the user Lisa Andrews
2021-09-05 19:15:34 INFO  Log:10 - The leave was successfully assigned.
2021-09-05 19:15:35 INFO  Log:10 - Go to the Leave List Tab.
2021-09-05 19:15:35 INFO  Log:10 - Check if the assigned leave for the employee Lisa Andrews exists.
2021-09-05 19:15:36 INFO  Log:10 - The Leave for the employee Lisa Andrewsis assigned.
2021-09-05 19:15:36 INFO  Log:10 - Check if the assigned leave for the employee Lisa Andrews exists.
2021-09-05 19:15:37 INFO  Log:10 - The Leave for the employee Lisa Andrewsis assigned.
2021-09-05 19:15:37 INFO  Log:10 - Log out the system
2021-09-05 19:15:38 INFO  Log:10 - User log out successfully.
2021-09-05 19:15:38 INFO  Log:10 - Open Login Page
2021-09-05 19:15:39 INFO  Log:10 - The login page ws opened successfully!
2021-09-05 19:15:39 INFO  Log:10 - Login the site
2021-09-05 19:15:40 INFO  Log:10 - The user login succesfully.
2021-09-05 19:15:40 INFO  Log:10 - Check if the Quick Launch Panel exists.
2021-09-05 19:15:40 INFO  Log:10 - Quick Launch Panel exists.
2021-09-05 19:15:40 INFO  Log:10 - Check if the Employee Distribution Panel exists.
2021-09-05 19:15:40 INFO  Log:10 - Employee Distribution Panel exists.
2021-09-05 19:15:40 INFO  Log:10 - Check if the Pending Leave Requests Panel exists.
2021-09-05 19:15:40 INFO  Log:10 - Pending Leave Requests Panel exists.
2021-09-05 19:15:40 INFO  Log:10 - Check if theLegend Panel exists.
2021-09-05 19:15:40 INFO  Log:10 - Legend Panel exists.
2021-09-05 19:15:41 INFO  Log:10 - Log out the system
2021-09-05 19:15:42 INFO  Log:10 - User log out successfully.
2021-09-05 19:15:42 INFO  Log:10 - Open Login Page
2021-09-05 19:15:42 INFO  Log:10 - The login page ws opened successfully!
2021-09-05 19:15:42 INFO  Log:10 - Login the site
2021-09-05 19:15:43 INFO  Log:10 - The user login succesfully.
2021-09-05 19:15:43 INFO  Log:10 - Check if the Quick Launch Panel exists.
2021-09-05 19:15:43 INFO  Log:10 - Quick Launch Panel exists.
2021-09-05 19:15:43 INFO  Log:10 - Follow the  Assign Leave link
2021-09-05 19:15:44 INFO  Log:10 - The Assign Leave link works well
2021-09-05 19:15:45 INFO  Log:10 - Go to the Dashboard
2021-09-05 19:15:45 INFO  Log:10 - Follow the Leave List link.
2021-09-05 19:15:46 INFO  Log:10 - The Leave List link works well.
2021-09-05 19:15:46 INFO  Log:10 - Go to the Dashboard
2021-09-05 19:15:46 INFO  Log:10 - Follow the Timesheets link.
2021-09-05 19:15:47 INFO  Log:10 - The Timesheets link works well.
2021-09-05 19:15:47 INFO  Log:10 - Go to the Dashboard
2021-09-05 19:15:47 INFO  Log:10 - Follow the Apply Leave link.
2021-09-05 19:15:48 INFO  Log:10 - The Apply Leave link works well.
2021-09-05 19:15:48 INFO  Log:10 - Go to the Dashboard
2021-09-05 19:15:48 INFO  Log:10 - Follow the My Leave link.
2021-09-05 19:15:49 INFO  Log:10 - The My Leave link works well.
2021-09-05 19:15:49 INFO  Log:10 - Go to the Dashboard
2021-09-05 19:15:49 INFO  Log:10 - Follow the My Timesheet link.
2021-09-05 19:15:50 INFO  Log:10 - The My Timesheet link works well.
2021-09-05 19:15:50 INFO  Log:10 - Log out the system
2021-09-05 19:15:51 INFO  Log:10 - User log out successfully.
2021-09-05 19:15:51 INFO  Log:10 - Open Login Page
2021-09-05 19:15:52 INFO  Log:10 - The login page ws opened successfully!
2021-09-05 19:15:52 INFO  Log:10 - Login the site
2021-09-05 19:15:53 INFO  Log:10 - The user login succesfully.
2021-09-05 19:15:55 INFO  Log:10 - Verify user form
2021-09-05 19:15:55 INFO  Log:10 - The form was verified and meet the requirements.
2021-09-05 19:15:56 INFO  Log:10 - Log out the system
2021-09-05 19:15:57 INFO  Log:10 - User log out successfully.
2021-09-05 19:21:28 INFO  Log:10 - Open Login Page
2021-09-05 19:21:34 INFO  Log:10 - The login page ws opened successfully!
2021-09-05 19:21:34 INFO  Log:10 - Login the site
2021-09-05 19:21:38 INFO  Log:10 - The user login succesfully.
2021-09-05 19:21:39 INFO  Log:10 - Go to the Admin Tab.
2021-09-05 19:21:39 INFO  Log:10 - User creation is started
2021-09-05 19:21:41 INFO  Log:10 - User was successfully created!
2021-09-05 19:21:42 INFO  Log:10 - Go to the Admin Tab.
2021-09-05 19:21:42 INFO  Log:10 - Searching for user with the name Bob Dylan
2021-09-05 19:21:43 INFO  Log:10 - The user with name Bob Dylanwas found.
2021-09-05 19:21:43 INFO  Log:10 - Verify if the created user with nameBob Dylanexists.
2021-09-05 19:21:48 INFO  Log:10 - Log out the system
2021-09-05 19:21:49 INFO  Log:10 - User log out successfully.
2021-09-05 19:21:49 INFO  Log:10 - Open Login Page
2021-09-05 19:21:49 INFO  Log:10 - The login page ws opened successfully!
2021-09-05 19:21:49 INFO  Log:10 - Login the site
2021-09-05 19:21:51 INFO  Log:10 - The user login succesfully.
2021-09-05 19:21:52 INFO  Log:10 - Go to the Admin Tab.
2021-09-05 19:21:52 INFO  Log:10 - Searching for user with the name Bob Dylan
2021-09-05 19:21:53 INFO  Log:10 - The user with name Bob Dylanwas found.
2021-09-05 19:21:53 INFO  Log:10 - Deleting user with the name Bob Dylan
2021-09-05 19:21:57 INFO  Log:10 - Log out the system
2021-09-05 19:21:58 INFO  Log:10 - User log out successfully.
2021-09-05 19:21:58 INFO  Log:10 - Open Login Page
2021-09-05 19:21:58 INFO  Log:10 - The login page ws opened successfully!
2021-09-05 19:21:58 INFO  Log:10 - Login the site
2021-09-05 19:22:00 INFO  Log:10 - The user login succesfully.
2021-09-05 19:22:01 INFO  Log:10 - Go to the Admin Tab.
2021-09-05 19:22:01 INFO  Log:10 - Go to the Job Tab
2021-09-05 19:22:02 INFO  Log:10 - You are on the Job Tab.
2021-09-05 19:22:02 INFO  Log:10 - Add job Title 'QA'.
2021-09-05 19:22:04 INFO  Log:10 - Job title 'QA' was created successfully.
2021-09-05 19:22:04 INFO  Log:10 - Add job Title 'Java-developer'.
2021-09-05 19:22:05 INFO  Log:10 - Job title 'Java-developer' was created successfully.
2021-09-05 19:22:05 INFO  Log:10 - Add job Title 'Manager'.
2021-09-05 19:22:07 INFO  Log:10 - Job title 'Manager' was created successfully.
2021-09-05 19:22:07 INFO  Log:10 - Log out the system
2021-09-05 19:22:08 INFO  Log:10 - User log out successfully.
2021-09-05 19:22:08 INFO  Log:10 - Open Login Page
2021-09-05 19:22:09 INFO  Log:10 - The login page ws opened successfully!
2021-09-05 19:22:09 INFO  Log:10 - Login the site
2021-09-05 19:22:10 INFO  Log:10 - The user login succesfully.
2021-09-05 19:22:11 INFO  Log:10 - Go to the Admin Tab.
2021-09-05 19:22:11 INFO  Log:10 - Go to the Job Tab
2021-09-05 19:22:12 INFO  Log:10 - You are on the Job Tab.
2021-09-05 19:22:12 INFO  Log:10 - Select job with title 'QA'.
2021-09-05 19:22:12 INFO  Log:10 - The job with the title 'QA' was selected.
2021-09-05 19:22:12 INFO  Log:10 - Select job with title 'Java-developer'.
2021-09-05 19:22:12 INFO  Log:10 - The job with the title 'Java-developer' was selected.
2021-09-05 19:22:12 INFO  Log:10 - Select job with title 'Manager'.
2021-09-05 19:22:12 INFO  Log:10 - The job with the title 'Manager' was selected.
2021-09-05 19:22:12 INFO  Log:10 - Delete selected job title.
2021-09-05 19:22:13 INFO  Log:10 - Selected job titles were deleted.
2021-09-05 19:22:13 INFO  Log:10 - Log out the system
2021-09-05 19:22:14 INFO  Log:10 - User log out successfully.
2021-09-05 19:22:14 INFO  Log:10 - Open Login Page
2021-09-05 19:22:14 INFO  Log:10 - The login page ws opened successfully!
2021-09-05 19:22:14 INFO  Log:10 - Login the site
2021-09-05 19:22:16 INFO  Log:10 - The user login succesfully.
2021-09-05 19:22:17 INFO  Log:10 - Add candidate via Recruitments Tab
2021-09-05 19:22:20 INFO  Log:10 - The candidate was added successfully!
2021-09-05 19:22:20 INFO  Log:10 - Log out the system
2021-09-05 19:22:22 INFO  Log:10 - User log out successfully.
2021-09-05 19:22:22 INFO  Log:10 - Open Login Page
2021-09-05 19:22:22 INFO  Log:10 - The login page ws opened successfully!
2021-09-05 19:22:22 INFO  Log:10 - Login the site
2021-09-05 19:22:23 INFO  Log:10 - The user login succesfully.
2021-09-05 19:22:23 INFO  Log:10 - Go to the Leave Tab
2021-09-05 19:22:25 INFO  Log:10 - Go to the Assign Leave form
2021-09-05 19:22:26 INFO  Log:10 - Assign leave for the user Lisa Andrews
2021-09-05 19:22:28 INFO  Log:10 - The leave was successfully assigned.
2021-09-05 19:22:29 INFO  Log:10 - Go to the Leave List Tab.
2021-09-05 19:22:29 INFO  Log:10 - Check if the assigned leave for the employee Lisa Andrews exists.
2021-09-05 19:22:30 INFO  Log:10 - The Leave for the employee Lisa Andrewsis assigned.
2021-09-05 19:22:30 INFO  Log:10 - Check if the assigned leave for the employee Lisa Andrews exists.
2021-09-05 19:22:31 INFO  Log:10 - The Leave for the employee Lisa Andrewsis assigned.
2021-09-05 19:22:31 INFO  Log:10 - Log out the system
2021-09-05 19:22:32 INFO  Log:10 - User log out successfully.
2021-09-05 19:22:32 INFO  Log:10 - Open Login Page
2021-09-05 19:22:33 INFO  Log:10 - The login page ws opened successfully!
2021-09-05 19:22:33 INFO  Log:10 - Login the site
2021-09-05 19:22:34 INFO  Log:10 - The user login succesfully.
2021-09-05 19:22:34 INFO  Log:10 - Check if the Quick Launch Panel exists.
2021-09-05 19:22:34 INFO  Log:10 - Quick Launch Panel exists.
2021-09-05 19:22:34 INFO  Log:10 - Check if the Employee Distribution Panel exists.
2021-09-05 19:22:34 INFO  Log:10 - Employee Distribution Panel exists.
2021-09-05 19:22:34 INFO  Log:10 - Check if the Pending Leave Requests Panel exists.
2021-09-05 19:22:34 INFO  Log:10 - Pending Leave Requests Panel exists.
2021-09-05 19:22:34 INFO  Log:10 - Check if theLegend Panel exists.
2021-09-05 19:22:34 INFO  Log:10 - Legend Panel exists.
2021-09-05 19:22:34 INFO  Log:10 - Log out the system
2021-09-05 19:22:36 INFO  Log:10 - User log out successfully.
2021-09-05 19:22:36 INFO  Log:10 - Open Login Page
2021-09-05 19:22:36 INFO  Log:10 - The login page ws opened successfully!
2021-09-05 19:22:36 INFO  Log:10 - Login the site
2021-09-05 19:22:37 INFO  Log:10 - The user login succesfully.
2021-09-05 19:22:37 INFO  Log:10 - Check if the Quick Launch Panel exists.
2021-09-05 19:22:37 INFO  Log:10 - Quick Launch Panel exists.
2021-09-05 19:22:37 INFO  Log:10 - Follow the  Assign Leave link
2021-09-05 19:22:38 INFO  Log:10 - The Assign Leave link works well
2021-09-05 19:22:39 INFO  Log:10 - Go to the Dashboard
2021-09-05 19:22:39 INFO  Log:10 - Follow the Leave List link.
2021-09-05 19:22:40 INFO  Log:10 - The Leave List link works well.
2021-09-05 19:22:40 INFO  Log:10 - Go to the Dashboard
2021-09-05 19:22:40 INFO  Log:10 - Follow the Timesheets link.
2021-09-05 19:22:41 INFO  Log:10 - The Timesheets link works well.
2021-09-05 19:22:41 INFO  Log:10 - Go to the Dashboard
2021-09-05 19:22:41 INFO  Log:10 - Follow the Apply Leave link.
2021-09-05 19:22:42 INFO  Log:10 - The Apply Leave link works well.
2021-09-05 19:22:42 INFO  Log:10 - Go to the Dashboard
2021-09-05 19:22:42 INFO  Log:10 - Follow the My Leave link.
2021-09-05 19:22:43 INFO  Log:10 - The My Leave link works well.
2021-09-05 19:22:44 INFO  Log:10 - Go to the Dashboard
2021-09-05 19:22:44 INFO  Log:10 - Follow the My Timesheet link.
2021-09-05 19:22:44 INFO  Log:10 - The My Timesheet link works well.
2021-09-05 19:22:44 INFO  Log:10 - Log out the system
2021-09-05 19:22:45 INFO  Log:10 - User log out successfully.
2021-09-05 19:22:45 INFO  Log:10 - Open Login Page
2021-09-05 19:22:46 INFO  Log:10 - The login page ws opened successfully!
2021-09-05 19:22:46 INFO  Log:10 - Login the site
2021-09-05 19:22:47 INFO  Log:10 - The user login succesfully.
2021-09-05 19:22:49 INFO  Log:10 - Verify user form
2021-09-05 19:22:50 INFO  Log:10 - The form was verified and meet the requirements.
2021-09-05 19:22:50 INFO  Log:10 - Log out the system
2021-09-05 19:22:52 INFO  Log:10 - User log out successfully.
